# JRE version: OpenJDK Runtime Environment (11.0.18+10) (build 11.0.18+10-post-Ubuntu-0ubuntu122.04)
# Java VM: OpenJDK 64-Bit Server VM (11.0.18+10-post-Ubuntu-0ubuntu122.04, mixed mode, sharing, tiered, compressed oops, g1 gc, linux-amd64)
Heap:
 garbage-first heap   total 418816K, used 351111K [0x00000000a0000000, 0x0000000100000000)
  region size 1024K, 88 young (90112K), 11 survivors (11264K)
 Metaspace       used 97759K, capacity 104702K, committed 105088K, reserved 1138688K
  class space    used 13072K, capacity 15131K, committed 15232K, reserved 1048576K
GC Heap History (20 events):
Event: 22.077 GC heap after
{Heap after GC invocations=23 (full 0):
 garbage-first heap   total 418816K, used 218828K [0x00000000a0000000, 0x0000000100000000)
  region size 1024K, 15 young (15360K), 15 survivors (15360K)
 Metaspace       used 88533K, capacity 94887K, committed 94976K, reserved 1130496K
  class space    used 12006K, capacity 13822K, committed 13824K, reserved 1048576K
}
Event: 23.104 GC heap before
{Heap before GC invocations=23 (full 0):
 garbage-first heap   total 418816K, used 299724K [0x00000000a0000000, 0x0000000100000000)
  region size 1024K, 96 young (98304K), 15 survivors (15360K)
 Metaspace       used 92454K, capacity 99060K, committed 99200K, reserved 1134592K
  class space    used 12456K, capacity 14357K, committed 14464K, reserved 1048576K
}
Event: 23.167 GC heap after
{Heap after GC invocations=24 (full 0):
 garbage-first heap   total 418816K, used 232652K [0x00000000a0000000, 0x0000000100000000)
  region size 1024K, 12 young (12288K), 12 survivors (12288K)
 Metaspace       used 92454K, capacity 99060K, committed 99200K, reserved 1134592K
  class space    used 12456K, capacity 14357K, committed 14464K, reserved 1048576K
}
Event: 31.890 GC heap before
{Heap before GC invocations=25 (full 0):
 garbage-first heap   total 418816K, used 304332K [0x00000000a0000000, 0x0000000100000000)
  region size 1024K, 83 young (84992K), 12 survivors (12288K)
 Metaspace       used 93202K, capacity 99814K, committed 100096K, reserved 1134592K
  class space    used 12587K, capacity 14523K, committed 14592K, reserved 1048576K
}
Event: 31.912 GC heap after
{Heap after GC invocations=26 (full 0):
 garbage-first heap   total 418816K, used 237772K [0x00000000a0000000, 0x0000000100000000)
  region size 1024K, 7 young (7168K), 7 survivors (7168K)
 Metaspace       used 93202K, capacity 99814K, committed 100096K, reserved 1134592K
  class space    used 12587K, capacity 14523K, committed 14592K, reserved 1048576K
}
Event: 33.012 GC heap before
{Heap before GC invocations=26 (full 0):
 garbage-first heap   total 418816K, used 326860K [0x00000000a0000000, 0x0000000100000000)
  region size 1024K, 93 young (95232K), 7 survivors (7168K)
 Metaspace       used 94337K, capacity 101137K, committed 101248K, reserved 1136640K
  class space    used 12709K, capacity 14694K, committed 14720K, reserved 1048576K
}
Event: 33.061 GC heap after
{Heap after GC invocations=27 (full 0):
 garbage-first heap   total 418816K, used 244428K [0x00000000a0000000, 0x0000000100000000)
  region size 1024K, 12 young (12288K), 12 survivors (12288K)
 Metaspace       used 94337K, capacity 101137K, committed 101248K, reserved 1136640K
  class space    used 12709K, capacity 14694K, committed 14720K, reserved 1048576K
}
Event: 33.976 GC heap before
{Heap before GC invocations=28 (full 0):
 garbage-first heap   total 418816K, used 331468K [0x00000000a0000000, 0x0000000100000000)
  region size 1024K, 98 young (100352K), 12 survivors (12288K)
 Metaspace       used 94874K, capacity 101654K, committed 101888K, reserved 1136640K
  class space    used 12734K, capacity 14751K, committed 14848K, reserved 1048576K
}
Event: 34.007 GC heap after
{Heap after GC invocations=29 (full 0):
 garbage-first heap   total 418816K, used 250536K [0x00000000a0000000, 0x0000000100000000)
  region size 1024K, 8 young (8192K), 8 survivors (8192K)
 Metaspace       used 94874K, capacity 101654K, committed 101888K, reserved 1136640K
  class space    used 12734K, capacity 14751K, committed 14848K, reserved 1048576K
}
Event: 34.768 GC heap before
{Heap before GC invocations=29 (full 0):
 garbage-first heap   total 418816K, used 336551K [0x00000000a0000000, 0x0000000100000000)
  region size 1024K, 93 young (95232K), 8 survivors (8192K)
 Metaspace       used 96450K, capacity 103288K, committed 103552K, reserved 1138688K
  class space    used 12940K, capacity 14935K, committed 14976K, reserved 1048576K
}
Event: 34.790 GC heap after
{Heap after GC invocations=30 (full 0):
 garbage-first heap   total 418816K, used 256103K [0x00000000a0000000, 0x0000000100000000)
  region size 1024K, 8 young (8192K), 8 survivors (8192K)
 Metaspace       used 96450K, capacity 103288K, committed 103552K, reserved 1138688K
  class space    used 12940K, capacity 14935K, committed 14976K, reserved 1048576K
}
Event: 35.970 GC heap before
{Heap before GC invocations=31 (full 0):
 garbage-first heap   total 418816K, used 342119K [0x00000000a0000000, 0x0000000100000000)
  region size 1024K, 92 young (94208K), 8 survivors (8192K)
 Metaspace       used 97364K, capacity 104301K, committed 104448K, reserved 1138688K
  class space    used 13049K, capacity 15070K, committed 15104K, reserved 1048576K
}
Event: 35.993 GC heap after
{Heap after GC invocations=32 (full 0):
 garbage-first heap   total 418816K, used 264451K [0x00000000a0000000, 0x0000000100000000)
  region size 1024K, 9 young (9216K), 9 survivors (9216K)
 Metaspace       used 97364K, capacity 104301K, committed 104448K, reserved 1138688K
  class space    used 13049K, capacity 15070K, committed 15104K, reserved 1048576K
}
Event: 36.031 GC heap before
{Heap before GC invocations=32 (full 0):
 garbage-first heap   total 418816K, used 274691K [0x00000000a0000000, 0x0000000100000000)
  region size 1024K, 20 young (20480K), 9 survivors (9216K)
 Metaspace       used 97364K, capacity 104301K, committed 104448K, reserved 1138688K
  class space    used 13049K, capacity 15070K, committed 15104K, reserved 1048576K
}
Event: 36.045 GC heap after
{Heap after GC invocations=33 (full 0):
 garbage-first heap   total 418816K, used 264265K [0x00000000a0000000, 0x0000000100000000)
  region size 1024K, 2 young (2048K), 2 survivors (2048K)
 Metaspace       used 97364K, capacity 104301K, committed 104448K, reserved 1138688K
  class space    used 13049K, capacity 15070K, committed 15104K, reserved 1048576K
}
Event: 36.064 GC heap before
{Heap before GC invocations=33 (full 0):
 garbage-first heap   total 418816K, used 268361K [0x00000000a0000000, 0x0000000100000000)
  region size 1024K, 8 young (8192K), 2 survivors (2048K)
 Metaspace       used 97366K, capacity 104301K, committed 104448K, reserved 1138688K
  class space    used 13049K, capacity 15070K, committed 15104K, reserved 1048576K
}
Event: 36.068 GC heap after
{Heap after GC invocations=34 (full 0):
 garbage-first heap   total 418816K, used 264144K [0x00000000a0000000, 0x0000000100000000)
  region size 1024K, 2 young (2048K), 2 survivors (2048K)
 Metaspace       used 97366K, capacity 104301K, committed 104448K, reserved 1138688K
  class space    used 13049K, capacity 15070K, committed 15104K, reserved 1048576K
}
Event: 36.717 GC heap before
{Heap before GC invocations=34 (full 0):
 garbage-first heap   total 418816K, used 350160K [0x00000000a0000000, 0x0000000100000000)
  region size 1024K, 83 young (84992K), 2 survivors (2048K)
 Metaspace       used 97589K, capacity 104555K, committed 104832K, reserved 1138688K
  class space    used 13071K, capacity 15129K, committed 15232K, reserved 1048576K
}
Event: 36.741 GC heap after
{Heap after GC invocations=35 (full 0):
 garbage-first heap   total 418816K, used 272263K [0x00000000a0000000, 0x0000000100000000)
  region size 1024K, 10 young (10240K), 10 survivors (10240K)
 Metaspace       used 97589K, capacity 104555K, committed 104832K, reserved 1138688K
  class space    used 13071K, capacity 15129K, committed 15232K, reserved 1048576K
}
Event: 37.548 GC heap before
{Heap before GC invocations=36 (full 0):
 garbage-first heap   total 418816K, used 350087K [0x00000000a0000000, 0x0000000100000000)
  region size 1024K, 87 young (89088K), 10 survivors (10240K)
 Metaspace       used 97759K, capacity 104702K, committed 105088K, reserved 1138688K
  class space    used 13072K, capacity 15131K, committed 15232K, reserved 1048576K
}

